<?xml version="1.0" encoding="UTF-8"?>
<!-- Generated by org.testng.reporters.JUnitXMLReporter -->
<testsuite ignored="1" hostname="Siddharth" failures="0" tests="2" name="Test" time="16.947" errors="0" timestamp="2023-03-06T02:24:44 IST">
  <testcase classname="test.TestNGDemo" name="googleSearch" time="6.213"/>
  <testcase classname="test.TestNGDemo2" name="googleSearch3" time="6.0"/>
  <testcase classname="test.TestNGDemo2" name="googleSearch2" time="0.0">
    <ignored/>
  </testcase> <!-- googleSearch2 -->
</testsuite> <!-- Test -->
