<?xml version="1.0" encoding="UTF-8"?>
<testng-results ignored="1" total="3" passed="2" failed="0" skipped="0">
  <reporter-output>
  </reporter-output>
  <suite started-at="2023-03-06T02:24:27 IST" name="Suite" finished-at="2023-03-06T02:24:44 IST" duration-ms="16947">
    <groups>
    </groups>
    <test started-at="2023-03-06T02:24:27 IST" name="Test" finished-at="2023-03-06T02:24:44 IST" duration-ms="16947">
      <class name="test.TestNGDemo2">
        <test-method is-config="true" signature="setUpTest()[pri:0, instance:test.TestNGDemo2@3b0fe47a]" started-at="2023-03-06T02:24:30 IST" name="setUpTest" finished-at="2023-03-06T02:24:31 IST" duration-ms="1056" status="PASS">
          <reporter-output>
          </reporter-output>
        </test-method> <!-- setUpTest -->
        <test-method signature="googleSearch3()[pri:0, instance:test.TestNGDemo2@3b0fe47a]" started-at="2023-03-06T02:24:37 IST" name="googleSearch3" finished-at="2023-03-06T02:24:43 IST" duration-ms="6000" status="PASS">
          <reporter-output>
          </reporter-output>
        </test-method> <!-- googleSearch3 -->
        <test-method is-config="true" signature="tearDowntest()[pri:0, instance:test.TestNGDemo2@3b0fe47a]" started-at="2023-03-06T02:24:44 IST" name="tearDowntest" finished-at="2023-03-06T02:24:44 IST" duration-ms="382" status="PASS">
          <reporter-output>
          </reporter-output>
        </test-method> <!-- tearDowntest -->
      </class> <!-- test.TestNGDemo2 -->
      <class name="test.TestNGDemo">
        <test-method is-config="true" signature="setUpTest()[pri:0, instance:test.TestNGDemo@5d0bf09b]" started-at="2023-03-06T02:24:27 IST" name="setUpTest" finished-at="2023-03-06T02:24:30 IST" duration-ms="2810" status="PASS">
          <reporter-output>
          </reporter-output>
        </test-method> <!-- setUpTest -->
        <test-method signature="googleSearch()[pri:0, instance:test.TestNGDemo@5d0bf09b]" started-at="2023-03-06T02:24:31 IST" name="googleSearch" finished-at="2023-03-06T02:24:37 IST" duration-ms="6213" status="PASS">
          <reporter-output>
          </reporter-output>
        </test-method> <!-- googleSearch -->
        <test-method is-config="true" signature="tearDowntest()[pri:0, instance:test.TestNGDemo@5d0bf09b]" started-at="2023-03-06T02:24:43 IST" name="tearDowntest" finished-at="2023-03-06T02:24:44 IST" duration-ms="432" status="PASS">
          <reporter-output>
          </reporter-output>
        </test-method> <!-- tearDowntest -->
      </class> <!-- test.TestNGDemo -->
    </test> <!-- Test -->
  </suite> <!-- Suite -->
</testng-results>
